This is LuaHBTeX, Version 1.18.0 (TeX Live 2025/dev/Debian)  (format=lualatex 2024.11.3)  21 JAN 2025 22:07
 restricted system commands enabled.
**"presentation 01.tex"
("./presentation 01.tex"
LaTeX2e <2024-06-01> patch level 2
L3 programming layer <2024-05-27>
Lua module: luaotfload 2024-02-14 3.28 Lua based OpenType font support
Lua module: lualibs 2023-07-13 2.76 ConTeXt Lua standard libraries.
Lua module: lualibs-extended 2023-07-13 2.76 ConTeXt Lua libraries -- extended c
ollection.
luaotfload | conf : Root cache directory is "/home/achalmaedison/.texlive2024/te
xmf-var/luatex-cache/generic/names".
luaotfload | init : Loading fontloader "fontloader-2023-12-28.lua" from kpse-res
olved path "/usr/share/texlive/texmf-dist/tex/luatex/luaotfload/fontloader-2023-
12-28.lua".
Lua-only attribute luaotfload@noligature = 1
luaotfload | init : Context OpenType loader version 3.134
Inserting `luaotfload.node_processor' in `pre_linebreak_filter'.
Inserting `luaotfload.node_processor' in `hpack_filter'.
Inserting `luaotfload.glyph_stream' in `glyph_stream_provider'.
Inserting `luaotfload.define_font' in `define_font'.
Lua-only attribute luaotfload_color_attribute = 2
luaotfload | conf : Root cache directory is "/home/achalmaedison/.texlive2024/te
xmf-var/luatex-cache/generic/names".
Inserting `luaotfload.harf.strip_prefix' in `find_opentype_file'.
Inserting `luaotfload.harf.strip_prefix' in `find_truetype_file'.
Removing  `luaotfload.glyph_stream' from `glyph_stream_provider'.
Inserting `luaotfload.harf.glyphstream' in `glyph_stream_provider'.
Inserting `luaotfload.harf.finalize_vlist' in `post_linebreak_filter'.
Inserting `luaotfload.harf.finalize_hlist' in `hpack_filter'.
Inserting `luaotfload.cleanup_files' in `wrapup_run'.
Inserting `luaotfload.harf.finalize_unicode' in `finish_pdffile'.
Inserting `luaotfload.glyphinfo' in `glyph_info'.
Lua-only attribute luaotfload.letterspace_done = 3
Inserting `luaotfload.aux.set_sscale_dimens' in `luaotfload.patch_font'.
Inserting `luaotfload.aux.set_font_index' in `luaotfload.patch_font'.
Inserting `luaotfload.aux.patch_cambria_domh' in `luaotfload.patch_font'.
Inserting `luaotfload.aux.fixup_fontdata' in `luaotfload.patch_font_unsafe'.
Inserting `luaotfload.aux.set_capheight' in `luaotfload.patch_font'.
Inserting `luaotfload.aux.set_xheight' in `luaotfload.patch_font'.
Inserting `luaotfload.rewrite_fontname' in `luaotfload.patch_font'.
Inserting `tracingstacklevels' in `input_level_string'. (/usr/share/texlive/tex
mf-dist/tex/latex/beamer/beamer.cls
Document Class: beamer 2024/01/06 v3.71 A class for typesetting presentations
(/usr/share/texlive/texmf-dist/tex/latex/beamer/beamerbasemodes.sty
(/usr/share/texlive/texmf-dist/tex/latex/etoolbox/etoolbox.sty
Package: etoolbox 2020/10/05 v2.5k e-TeX tools for LaTeX (JAW)
\etb@tempcnta=\count192
)
\beamer@tempbox=\box52
\beamer@tempcount=\count193
\c@beamerpauses=\count194

(/usr/share/texlive/texmf-dist/tex/latex/beamer/beamerbasedecode.sty
\beamer@slideinframe=\count195
\beamer@minimum=\count196
\beamer@decode@box=\box53
)
\beamer@commentbox=\box54
\beamer@modecount=\count197
)
(/usr/share/texlive/texmf-dist/tex/generic/iftex/iftex.sty
Package: iftex 2022/02/03 v1.0f TeX engine tests
)
\headdp=\dimen140
\footheight=\dimen141
\sidebarheight=\dimen142
\beamer@tempdim=\dimen143
\beamer@finalheight=\dimen144
\beamer@animht=\dimen145
\beamer@animdp=\dimen146
\beamer@animwd=\dimen147
\beamer@leftmargin=\dimen148
\beamer@rightmargin=\dimen149
\beamer@leftsidebar=\dimen150
\beamer@rightsidebar=\dimen151
\beamer@boxsize=\dimen152
\beamer@vboxoffset=\dimen153
\beamer@descdefault=\dimen154
\beamer@descriptionwidth=\dimen155
\beamer@lastskip=\skip49
\beamer@areabox=\box55
\beamer@animcurrent=\box56
\beamer@animshowbox=\box57
\beamer@sectionbox=\box58
\beamer@logobox=\box59
\beamer@linebox=\box60
\beamer@sectioncount=\count198
\beamer@subsubsectionmax=\count199
\beamer@subsectionmax=\count266
\beamer@sectionmax=\count267
\beamer@totalheads=\count268
\beamer@headcounter=\count269
\beamer@partstartpage=\count270
\beamer@sectionstartpage=\count271
\beamer@subsectionstartpage=\count272
\beamer@animationtempa=\count273
\beamer@animationtempb=\count274
\beamer@xpos=\count275
\beamer@ypos=\count276
\beamer@ypos@offset=\count277
\beamer@showpartnumber=\count278
\beamer@currentsubsection=\count279
\beamer@coveringdepth=\count280
\beamer@sectionadjust=\count281
\beamer@toclastsection=\count282
\beamer@tocsectionnumber=\count283

(/usr/share/texlive/texmf-dist/tex/latex/beamer/beamerbaseoptions.sty
(/usr/share/texlive/texmf-dist/tex/latex/graphics/keyval.sty
Package: keyval 2022/05/29 v1.15 key=value parser (DPC)
\KV@toks@=\toks17
))
\beamer@paperwidth=\skip50
\beamer@paperheight=\skip51

(/usr/share/texlive/texmf-dist/tex/latex/geometry/geometry.sty
Package: geometry 2020/01/02 v5.9 Page Geometry

(/usr/share/texlive/texmf-dist/tex/generic/iftex/ifvtex.sty
Package: ifvtex 2019/10/25 v1.7 ifvtex legacy package. Use iftex instead.
)
\Gm@cnth=\count284
\Gm@cntv=\count285
\c@Gm@tempcnt=\count286
\Gm@bindingoffset=\dimen156
\Gm@wd@mp=\dimen157
\Gm@odd@mp=\dimen158
\Gm@even@mp=\dimen159
\Gm@layoutwidth=\dimen160
\Gm@layoutheight=\dimen161
\Gm@layouthoffset=\dimen162
\Gm@layoutvoffset=\dimen163
\Gm@dimlist=\toks18
)
(/usr/share/texlive/texmf-dist/tex/latex/pgf/math/pgfmath.sty
(/usr/share/texlive/texmf-dist/tex/latex/pgf/utilities/pgfrcs.sty
(/usr/share/texlive/texmf-dist/tex/generic/pgf/utilities/pgfutil-common.tex
\pgfutil@everybye=\toks19
\pgfutil@tempdima=\dimen164
\pgfutil@tempdimb=\dimen165
)
(/usr/share/texlive/texmf-dist/tex/generic/pgf/utilities/pgfutil-latex.def
\pgfutil@abb=\box61
)
(/usr/share/texlive/texmf-dist/tex/generic/pgf/utilities/pgfrcs.code.tex
(/usr/share/texlive/texmf-dist/tex/generic/pgf/pgf.revision.tex)
Package: pgfrcs 2023-01-15 v3.1.10 (3.1.10)
))
(/usr/share/texlive/texmf-dist/tex/latex/pgf/utilities/pgfkeys.sty
(/usr/share/texlive/texmf-dist/tex/generic/pgf/utilities/pgfkeys.code.tex
\pgfkeys@pathtoks=\toks20
\pgfkeys@temptoks=\toks21

(/usr/share/texlive/texmf-dist/tex/generic/pgf/utilities/pgfkeyslibraryfiltered
.code.tex
\pgfkeys@tmptoks=\toks22
)))
(/usr/share/texlive/texmf-dist/tex/generic/pgf/math/pgfmath.code.tex
(/usr/share/texlive/texmf-dist/tex/generic/pgf/math/pgfmathutil.code.tex
\pgf@x=\dimen166
\pgf@xa=\dimen167
\pgf@xb=\dimen168
\pgf@xc=\dimen169
\pgf@y=\dimen170
\pgf@ya=\dimen171
\pgf@yb=\dimen172
\pgf@yc=\dimen173
\c@pgf@counta=\count287
\c@pgf@countb=\count288
\c@pgf@countc=\count289
\c@pgf@countd=\count290
)
(/usr/share/texlive/texmf-dist/tex/generic/pgf/math/pgfmathparser.code.tex
\pgfmath@dimen=\dimen174
\pgfmath@count=\count291
\pgfmath@box=\box62
\pgfmath@toks=\toks23
\pgfmath@stack@operand=\toks24
\pgfmath@stack@operation=\toks25
)
(/usr/share/texlive/texmf-dist/tex/generic/pgf/math/pgfmathfunctions.code.tex)
(/usr/share/texlive/texmf-dist/tex/generic/pgf/math/pgfmathfunctions.basic.code
.tex)
(/usr/share/texlive/texmf-dist/tex/generic/pgf/math/pgfmathfunctions.trigonomet
ric.code.tex)
(/usr/share/texlive/texmf-dist/tex/generic/pgf/math/pgfmathfunctions.random.cod
e.tex)
(/usr/share/texlive/texmf-dist/tex/generic/pgf/math/pgfmathfunctions.comparison
.code.tex)
(/usr/share/texlive/texmf-dist/tex/generic/pgf/math/pgfmathfunctions.base.code.
tex)
(/usr/share/texlive/texmf-dist/tex/generic/pgf/math/pgfmathfunctions.round.code
.tex)
(/usr/share/texlive/texmf-dist/tex/generic/pgf/math/pgfmathfunctions.misc.code.
tex)
(/usr/share/texlive/texmf-dist/tex/generic/pgf/math/pgfmathfunctions.integerari
thmetics.code.tex)
(/usr/share/texlive/texmf-dist/tex/generic/pgf/math/pgfmathcalc.code.tex)
(/usr/share/texlive/texmf-dist/tex/generic/pgf/math/pgfmathfloat.code.tex
\c@pgfmathroundto@lastzeros=\count292
)))
(/usr/share/texlive/texmf-dist/tex/latex/base/size10.clo
File: size10.clo 2024/02/08 v1.4n Standard LaTeX file (size option)
luaotfload | db : Font names database loaded from /home/achalmaedison/.texlive20
24/texmf-var/luatex-cache/generic/names/luaotfload-names.luc.gz)
(/usr/share/texlive/texmf-dist/tex/latex/pgf/basiclayer/pgfcore.sty
(/usr/share/texlive/texmf-dist/tex/latex/graphics/graphicx.sty
Package: graphicx 2021/09/16 v1.2d Enhanced LaTeX Graphics (DPC,SPQR)

(/usr/share/texlive/texmf-dist/tex/latex/graphics/graphics.sty
Package: graphics 2024/05/23 v1.4g Standard LaTeX Graphics (DPC,SPQR)

(/usr/share/texlive/texmf-dist/tex/latex/graphics/trig.sty
Package: trig 2023/12/02 v1.11 sin cos tan (DPC)
)
(/usr/share/texlive/texmf-dist/tex/latex/graphics-cfg/graphics.cfg
File: graphics.cfg 2016/06/04 v1.11 sample graphics configuration
)
Package graphics Info: Driver file: luatex.def on input line 106.

(/usr/share/texlive/texmf-dist/tex/latex/graphics-def/luatex.def
File: luatex.def 2024/04/13 v1.2e Graphics/color driver for luatex
))
\Gin@req@height=\dimen175
\Gin@req@width=\dimen176
)
(/usr/share/texlive/texmf-dist/tex/latex/pgf/systemlayer/pgfsys.sty
(/usr/share/texlive/texmf-dist/tex/generic/pgf/systemlayer/pgfsys.code.tex
Package: pgfsys 2023-01-15 v3.1.10 (3.1.10)
\pgf@x=\dimen177
\pgf@y=\dimen178
\pgf@xa=\dimen179
\pgf@ya=\dimen180
\pgf@xb=\dimen181
\pgf@yb=\dimen182
\pgf@xc=\dimen183
\pgf@yc=\dimen184
\pgf@xd=\dimen185
\pgf@yd=\dimen186
\w@pgf@writea=\write3
\r@pgf@reada=\read2
\c@pgf@counta=\count293
\c@pgf@countb=\count294
\c@pgf@countc=\count295
\c@pgf@countd=\count296
\t@pgf@toka=\toks26
\t@pgf@tokb=\toks27
\t@pgf@tokc=\toks28
\pgf@sys@id@count=\count297

(/usr/share/texlive/texmf-dist/tex/generic/pgf/systemlayer/pgf.cfg
File: pgf.cfg 2023-01-15 v3.1.10 (3.1.10)
)
Driver file for pgf: pgfsys-luatex.def

(/usr/share/texlive/texmf-dist/tex/generic/pgf/systemlayer/pgfsys-luatex.def
File: pgfsys-luatex.def 2023-01-15 v3.1.10 (3.1.10)

(/usr/share/texlive/texmf-dist/tex/generic/pgf/systemlayer/pgfsys-common-pdf.de
f
File: pgfsys-common-pdf.def 2023-01-15 v3.1.10 (3.1.10)
)))
(/usr/share/texlive/texmf-dist/tex/generic/pgf/systemlayer/pgfsyssoftpath.code.
tex
File: pgfsyssoftpath.code.tex 2023-01-15 v3.1.10 (3.1.10)
\pgfsyssoftpath@smallbuffer@items=\count298
\pgfsyssoftpath@bigbuffer@items=\count299
)
(/usr/share/texlive/texmf-dist/tex/generic/pgf/systemlayer/pgfsysprotocol.code.
tex
File: pgfsysprotocol.code.tex 2023-01-15 v3.1.10 (3.1.10)
)) (/usr/share/texlive/texmf-dist/tex/latex/xcolor/xcolor.sty
Package: xcolor 2023/11/15 v3.01 LaTeX color extensions (UK)

(/usr/share/texlive/texmf-dist/tex/latex/graphics-cfg/color.cfg
File: color.cfg 2016/01/02 v1.6 sample color configuration
)
Package xcolor Info: Driver file: luatex.def on input line 274.

(/usr/share/texlive/texmf-dist/tex/latex/graphics/mathcolor.ltx)
Package xcolor Info: Model `cmy' substituted by `cmy0' on input line 1350.
Package xcolor Info: Model `hsb' substituted by `rgb' on input line 1354.
Package xcolor Info: Model `RGB' extended on input line 1366.
Package xcolor Info: Model `HTML' substituted by `rgb' on input line 1368.
Package xcolor Info: Model `Hsb' substituted by `hsb' on input line 1369.
Package xcolor Info: Model `tHsb' substituted by `hsb' on input line 1370.
Package xcolor Info: Model `HSB' substituted by `hsb' on input line 1371.
Package xcolor Info: Model `Gray' substituted by `gray' on input line 1372.
Package xcolor Info: Model `wave' substituted by `hsb' on input line 1373.
)
(/usr/share/texlive/texmf-dist/tex/generic/pgf/basiclayer/pgfcore.code.tex
Package: pgfcore 2023-01-15 v3.1.10 (3.1.10)

(/usr/share/texlive/texmf-dist/tex/generic/pgf/math/pgfint.code.tex)
(/usr/share/texlive/texmf-dist/tex/generic/pgf/basiclayer/pgfcorepoints.code.te
x
File: pgfcorepoints.code.tex 2023-01-15 v3.1.10 (3.1.10)
\pgf@picminx=\dimen187
\pgf@picmaxx=\dimen188
\pgf@picminy=\dimen189
\pgf@picmaxy=\dimen190
\pgf@pathminx=\dimen191
\pgf@pathmaxx=\dimen192
\pgf@pathminy=\dimen193
\pgf@pathmaxy=\dimen194
\pgf@xx=\dimen195
\pgf@xy=\dimen196
\pgf@yx=\dimen197
\pgf@yy=\dimen198
\pgf@zx=\dimen199
\pgf@zy=\dimen256
)
(/usr/share/texlive/texmf-dist/tex/generic/pgf/basiclayer/pgfcorepathconstruct.
code.tex
File: pgfcorepathconstruct.code.tex 2023-01-15 v3.1.10 (3.1.10)
\pgf@path@lastx=\dimen257
\pgf@path@lasty=\dimen258
)
(/usr/share/texlive/texmf-dist/tex/generic/pgf/basiclayer/pgfcorepathusage.code
.tex
File: pgfcorepathusage.code.tex 2023-01-15 v3.1.10 (3.1.10)
\pgf@shorten@end@additional=\dimen259
\pgf@shorten@start@additional=\dimen260
)
(/usr/share/texlive/texmf-dist/tex/generic/pgf/basiclayer/pgfcorescopes.code.te
x
File: pgfcorescopes.code.tex 2023-01-15 v3.1.10 (3.1.10)
\pgfpic=\box63
\pgf@hbox=\box64
\pgf@layerbox@main=\box65
\pgf@picture@serial@count=\count300
)
(/usr/share/texlive/texmf-dist/tex/generic/pgf/basiclayer/pgfcoregraphicstate.c
ode.tex
File: pgfcoregraphicstate.code.tex 2023-01-15 v3.1.10 (3.1.10)
\pgflinewidth=\dimen261
)
(/usr/share/texlive/texmf-dist/tex/generic/pgf/basiclayer/pgfcoretransformation
s.code.tex
File: pgfcoretransformations.code.tex 2023-01-15 v3.1.10 (3.1.10)
\pgf@pt@x=\dimen262
\pgf@pt@y=\dimen263
\pgf@pt@temp=\dimen264
)
(/usr/share/texlive/texmf-dist/tex/generic/pgf/basiclayer/pgfcorequick.code.tex
File: pgfcorequick.code.tex 2023-01-15 v3.1.10 (3.1.10)
)
(/usr/share/texlive/texmf-dist/tex/generic/pgf/basiclayer/pgfcoreobjects.code.t
ex
File: pgfcoreobjects.code.tex 2023-01-15 v3.1.10 (3.1.10)
)
(/usr/share/texlive/texmf-dist/tex/generic/pgf/basiclayer/pgfcorepathprocessing
.code.tex
File: pgfcorepathprocessing.code.tex 2023-01-15 v3.1.10 (3.1.10)
)
(/usr/share/texlive/texmf-dist/tex/generic/pgf/basiclayer/pgfcorearrows.code.te
x
File: pgfcorearrows.code.tex 2023-01-15 v3.1.10 (3.1.10)
\pgfarrowsep=\dimen265
)
(/usr/share/texlive/texmf-dist/tex/generic/pgf/basiclayer/pgfcoreshade.code.tex
File: pgfcoreshade.code.tex 2023-01-15 v3.1.10 (3.1.10)
\pgf@max=\dimen266
\pgf@sys@shading@range@num=\count301
\pgf@shadingcount=\count302
)
(/usr/share/texlive/texmf-dist/tex/generic/pgf/basiclayer/pgfcoreimage.code.tex
File: pgfcoreimage.code.tex 2023-01-15 v3.1.10 (3.1.10)
)
(/usr/share/texlive/texmf-dist/tex/generic/pgf/basiclayer/pgfcoreexternal.code.
tex
File: pgfcoreexternal.code.tex 2023-01-15 v3.1.10 (3.1.10)
\pgfexternal@startupbox=\box66
)
(/usr/share/texlive/texmf-dist/tex/generic/pgf/basiclayer/pgfcorelayers.code.te
x
File: pgfcorelayers.code.tex 2023-01-15 v3.1.10 (3.1.10)
)
(/usr/share/texlive/texmf-dist/tex/generic/pgf/basiclayer/pgfcoretransparency.c
ode.tex
File: pgfcoretransparency.code.tex 2023-01-15 v3.1.10 (3.1.10)
)
(/usr/share/texlive/texmf-dist/tex/generic/pgf/basiclayer/pgfcorepatterns.code.
tex
File: pgfcorepatterns.code.tex 2023-01-15 v3.1.10 (3.1.10)
)
(/usr/share/texlive/texmf-dist/tex/generic/pgf/basiclayer/pgfcorerdf.code.tex
File: pgfcorerdf.code.tex 2023-01-15 v3.1.10 (3.1.10)
))) (/usr/share/texlive/texmf-dist/tex/latex/pgf/utilities/xxcolor.sty
Package: xxcolor 2003/10/24 ver 0.1
\XC@nummixins=\count303
\XC@countmixins=\count304
)
(/usr/share/texlive/texmf-dist/tex/latex/base/atbegshi-ltx.sty
Package: atbegshi-ltx 2021/01/10 v1.0c Emulation of the original atbegshi
package with kernel methods
)
(/usr/share/texlive/texmf-dist/tex/latex/hyperref/hyperref.sty
Package: hyperref 2024-05-23 v7.01i Hypertext links for LaTeX

(/usr/share/texlive/texmf-dist/tex/latex/kvsetkeys/kvsetkeys.sty
Package: kvsetkeys 2022-10-05 v1.19 Key value parser (HO)
)
(/usr/share/texlive/texmf-dist/tex/generic/kvdefinekeys/kvdefinekeys.sty
Package: kvdefinekeys 2019-12-19 v1.6 Define keys (HO)
)
(/usr/share/texlive/texmf-dist/tex/generic/pdfescape/pdfescape.sty
Package: pdfescape 2019/12/09 v1.15 Implements pdfTeX's escape features (HO)

(/usr/share/texlive/texmf-dist/tex/generic/ltxcmds/ltxcmds.sty
Package: ltxcmds 2023-12-04 v1.26 LaTeX kernel commands for general use (HO)
)
(/usr/share/texlive/texmf-dist/tex/generic/pdftexcmds/pdftexcmds.sty
Package: pdftexcmds 2020-06-27 v0.33 Utility functions of pdfTeX for LuaTeX (HO
)

(/usr/share/texlive/texmf-dist/tex/generic/infwarerr/infwarerr.sty
Package: infwarerr 2019/12/03 v1.5 Providing info/warning/error messages (HO)
)
Package pdftexcmds Info: \pdf@primitive is available.
Package pdftexcmds Info: \pdf@ifprimitive is available.
Package pdftexcmds Info: \pdfdraftmode found.
\pdftexcmds@toks=\toks29
))
(/usr/share/texlive/texmf-dist/tex/latex/hycolor/hycolor.sty
Package: hycolor 2020-01-27 v1.10 Color options for hyperref/bookmark (HO)
)
(/usr/share/texlive/texmf-dist/tex/latex/hyperref/nameref.sty
Package: nameref 2023-11-26 v2.56 Cross-referencing by name of section

(/usr/share/texlive/texmf-dist/tex/latex/refcount/refcount.sty
Package: refcount 2019/12/15 v3.6 Data extraction from label references (HO)
)
(/usr/share/texlive/texmf-dist/tex/generic/gettitlestring/gettitlestring.sty
Package: gettitlestring 2019/12/15 v1.6 Cleanup title references (HO)

(/usr/share/texlive/texmf-dist/tex/latex/kvoptions/kvoptions.sty
Package: kvoptions 2022-06-15 v3.15 Key value format for package options (HO)
))
\c@section@level=\count305
)
(/usr/share/texlive/texmf-dist/tex/generic/stringenc/stringenc.sty
Package: stringenc 2019/11/29 v1.12 Convert strings between diff. encodings (HO
)
)
\@linkdim=\dimen267
\Hy@linkcounter=\count306
\Hy@pagecounter=\count307

(/usr/share/texlive/texmf-dist/tex/latex/hyperref/pd1enc.def
File: pd1enc.def 2024-05-23 v7.01i Hyperref: PDFDocEncoding definition (HO)
)
(/usr/share/texlive/texmf-dist/tex/generic/intcalc/intcalc.sty
Package: intcalc 2019/12/15 v1.3 Expandable calculations with integers (HO)
)
\Hy@SavedSpaceFactor=\count308

(/usr/share/texlive/texmf-dist/tex/latex/hyperref/puenc.def
File: puenc.def 2024-05-23 v7.01i Hyperref: PDF Unicode definition (HO)
)
Package hyperref Info: Option `bookmarks' set `true' on input line 4040.
Package hyperref Info: Option `bookmarksopen' set `true' on input line 4040.
Package hyperref Info: Option `implicit' set `false' on input line 4040.
Package hyperref Info: Hyper figures OFF on input line 4157.
Package hyperref Info: Link nesting OFF on input line 4162.
Package hyperref Info: Hyper index ON on input line 4165.
Package hyperref Info: Plain pages OFF on input line 4172.
Package hyperref Info: Backreferencing OFF on input line 4177.
Package hyperref Info: Implicit mode OFF; no redefinition of LaTeX internals.
Package hyperref Info: Bookmarks ON on input line 4424.
\c@Hy@tempcnt=\count309

(/usr/share/texlive/texmf-dist/tex/latex/url/url.sty
\Urlmuskip=\muskip17
Package: url 2013/09/16  ver 3.4  Verb mode for urls, etc.
)
LaTeX Info: Redefining \url on input line 4763.
\XeTeXLinkMargin=\dimen268

(/usr/share/texlive/texmf-dist/tex/generic/bitset/bitset.sty
Package: bitset 2019/12/09 v1.3 Handle bit-vector datatype (HO)

(/usr/share/texlive/texmf-dist/tex/generic/bigintcalc/bigintcalc.sty
Package: bigintcalc 2019/12/15 v1.5 Expandable calculations on big integers (HO
)
))
\Fld@menulength=\count310
\Field@Width=\dimen269
\Fld@charsize=\dimen270
Package hyperref Info: Hyper figures OFF on input line 6042.
Package hyperref Info: Link nesting OFF on input line 6047.
Package hyperref Info: Hyper index ON on input line 6050.
Package hyperref Info: backreferencing OFF on input line 6057.
Package hyperref Info: Link coloring OFF on input line 6062.
Package hyperref Info: Link coloring with OCG OFF on input line 6067.
Package hyperref Info: PDF/A mode OFF on input line 6072.
\Hy@abspage=\count311


Package hyperref Message: Stopped early.

)
Package hyperref Info: Driver (autodetected): hluatex.
 (/usr/share/texlive/texmf-dist/tex/latex/hyperref/hluatex.def
File: hluatex.def 2024-05-23 v7.01i Hyperref driver for luaTeX

(/usr/share/texlive/texmf-dist/tex/latex/base/atveryend-ltx.sty
Package: atveryend-ltx 2020/08/19 v1.0a Emulation of the original atveryend pac
kage
with kernel methods
)
\Fld@listcount=\count312
\c@bookmark@seq@number=\count313

(/usr/share/texlive/texmf-dist/tex/latex/rerunfilecheck/rerunfilecheck.sty
Package: rerunfilecheck 2022-07-10 v1.10 Rerun checks for auxiliary files (HO)

(/usr/share/texlive/texmf-dist/tex/generic/uniquecounter/uniquecounter.sty
Package: uniquecounter 2019/12/15 v1.4 Provide unlimited unique counter (HO)
)
Package uniquecounter Info: New unique counter `rerunfilecheck' on input line 2
85.
))
(/usr/share/texlive/texmf-dist/tex/latex/beamer/beamerbaserequires.sty
(/usr/share/texlive/texmf-dist/tex/latex/beamer/beamerbasecompatibility.sty)
(/usr/share/texlive/texmf-dist/tex/latex/beamer/beamerbasefont.sty
(/usr/share/texlive/texmf-dist/tex/latex/amsfonts/amssymb.sty
Package: amssymb 2013/01/14 v3.01 AMS font symbols

(/usr/share/texlive/texmf-dist/tex/latex/amsfonts/amsfonts.sty
Package: amsfonts 2013/01/14 v3.01 Basic AMSFonts support
\@emptytoks=\toks30
\symAMSa=\mathgroup4
\symAMSb=\mathgroup5
LaTeX Font Info:    Redeclaring math symbol \hbar on input line 98.
LaTeX Font Info:    Overwriting math alphabet `\mathfrak' in version `bold'
(Font)                  U/euf/m/n --> U/euf/b/n on input line 106.
))
(/usr/share/texlive/texmf-dist/tex/latex/sansmathaccent/sansmathaccent.sty
Package: sansmathaccent 2020/01/31

(/usr/share/texlive/texmf-dist/tex/latex/koma-script/scrlfile.sty
Package: scrlfile 2023/07/07 v3.41 KOMA-Script package (file load hooks)

(/usr/share/texlive/texmf-dist/tex/latex/koma-script/scrlfile-hook.sty
Package: scrlfile-hook 2023/07/07 v3.41 KOMA-Script package (using LaTeX hooks)


(/usr/share/texlive/texmf-dist/tex/latex/koma-script/scrlogo.sty
Package: scrlogo 2023/07/07 v3.41 KOMA-Script package (logo)
)))))
(/usr/share/texlive/texmf-dist/tex/latex/beamer/beamerbasetranslator.sty
(/usr/share/texlive/texmf-dist/tex/latex/translator/translator.sty
Package: translator 2021-05-31 v1.12d Easy translation of strings in LaTeX
))
(/usr/share/texlive/texmf-dist/tex/latex/beamer/beamerbasemisc.sty)
(/usr/share/texlive/texmf-dist/tex/latex/beamer/beamerbasetwoscreens.sty)
(/usr/share/texlive/texmf-dist/tex/latex/beamer/beamerbaseoverlay.sty
\beamer@argscount=\count314
\beamer@lastskipcover=\skip52
\beamer@trivlistdepth=\count315
)
(/usr/share/texlive/texmf-dist/tex/latex/beamer/beamerbasetitle.sty)
(/usr/share/texlive/texmf-dist/tex/latex/beamer/beamerbasesection.sty
\c@lecture=\count316
\c@part=\count317
\c@section=\count318
\c@subsection=\count319
\c@subsubsection=\count320
)
(/usr/share/texlive/texmf-dist/tex/latex/beamer/beamerbaseframe.sty
\beamer@framebox=\box67
\beamer@frametitlebox=\box68
\beamer@zoombox=\box69
\beamer@zoomcount=\count321
\beamer@zoomframecount=\count322
\beamer@frametextheight=\dimen271
\c@subsectionslide=\count323
\beamer@frametopskip=\skip53
\beamer@framebottomskip=\skip54
\beamer@frametopskipautobreak=\skip55
\beamer@framebottomskipautobreak=\skip56
\beamer@envbody=\toks31
\framewidth=\dimen272
\c@framenumber=\count324
)
(/usr/share/texlive/texmf-dist/tex/latex/beamer/beamerbaseverbatim.sty
\beamer@verbatimfileout=\write4
)
(/usr/share/texlive/texmf-dist/tex/latex/beamer/beamerbaseframesize.sty
\beamer@splitbox=\box70
\beamer@autobreakcount=\count325
\beamer@autobreaklastheight=\dimen273
\beamer@frametitletoks=\toks32
\beamer@framesubtitletoks=\toks33
)
(/usr/share/texlive/texmf-dist/tex/latex/beamer/beamerbaseframecomponents.sty
\beamer@footins=\box71
)
(/usr/share/texlive/texmf-dist/tex/latex/beamer/beamerbasecolor.sty)
(/usr/share/texlive/texmf-dist/tex/latex/beamer/beamerbasenotes.sty
\beamer@frameboxcopy=\box72
)
(/usr/share/texlive/texmf-dist/tex/latex/beamer/beamerbasetoc.sty)
(/usr/share/texlive/texmf-dist/tex/latex/beamer/beamerbasetemplates.sty
\beamer@sbttoks=\toks34

(/usr/share/texlive/texmf-dist/tex/latex/beamer/beamerbaseauxtemplates.sty
(/usr/share/texlive/texmf-dist/tex/latex/beamer/beamerbaseboxes.sty
\bmb@box=\box73
\bmb@colorbox=\box74
\bmb@boxwidth=\dimen274
\bmb@boxheight=\dimen275
\bmb@prevheight=\dimen276
\bmb@temp=\dimen277
\bmb@dima=\dimen278
\bmb@dimb=\dimen279
\bmb@prevheight=\dimen280
)
\beamer@blockheadheight=\dimen281
))
(/usr/share/texlive/texmf-dist/tex/latex/beamer/beamerbaselocalstructure.sty
(/usr/share/texlive/texmf-dist/tex/latex/tools/enumerate.sty
Package: enumerate 2023/07/04 v3.00 enumerate extensions (DPC)
\@enLab=\toks35
)
\beamer@bibiconwidth=\skip57
\c@figure=\count326
\c@table=\count327
\abovecaptionskip=\skip58
\belowcaptionskip=\skip59
)
(/usr/share/texlive/texmf-dist/tex/latex/beamer/beamerbasenavigation.sty
(/usr/share/texlive/texmf-dist/tex/latex/beamer/beamerbasenavigationsymbols.tex
)
\beamer@section@min@dim=\dimen282
) (/usr/share/texlive/texmf-dist/tex/latex/beamer/beamerbasetheorems.sty
(/usr/share/texlive/texmf-dist/tex/latex/amsmath/amsmath.sty
Package: amsmath 2024/05/23 v2.17q AMS math features
\@mathmargin=\skip60

For additional information on amsmath, use the `?' option.
(/usr/share/texlive/texmf-dist/tex/latex/amsmath/amstext.sty
Package: amstext 2021/08/26 v2.01 AMS text

(/usr/share/texlive/texmf-dist/tex/latex/amsmath/amsgen.sty
File: amsgen.sty 1999/11/30 v2.0 generic functions
\@emptytoks=\toks36
\ex@=\dimen283
))
(/usr/share/texlive/texmf-dist/tex/latex/amsmath/amsbsy.sty
Package: amsbsy 1999/11/29 v1.2d Bold Symbols
\pmbraise@=\dimen284
)
(/usr/share/texlive/texmf-dist/tex/latex/amsmath/amsopn.sty
Package: amsopn 2022/04/08 v2.04 operator names
)
\inf@bad=\count328
LaTeX Info: Redefining \frac on input line 235.
\uproot@=\count329
\leftroot@=\count330
LaTeX Info: Redefining \overline on input line 398.
LaTeX Info: Redefining \colon on input line 409.
\classnum@=\count331
\DOTSCASE@=\count332
LaTeX Info: Redefining \ldots on input line 495.
LaTeX Info: Redefining \dots on input line 498.
LaTeX Info: Redefining \cdots on input line 619.
\Mathstrutbox@=\box75
\strutbox@=\box76
LaTeX Info: Redefining \big on input line 721.
LaTeX Info: Redefining \Big on input line 722.
LaTeX Info: Redefining \bigg on input line 723.
LaTeX Info: Redefining \Bigg on input line 724.
\big@size=\dimen285
LaTeX Font Info:    Redeclaring font encoding OML on input line 742.
LaTeX Font Info:    Redeclaring font encoding OMS on input line 743.
\macc@depth=\count333
LaTeX Info: Redefining \bmod on input line 904.
LaTeX Info: Redefining \pmod on input line 909.
LaTeX Info: Redefining \smash on input line 939.
LaTeX Info: Redefining \relbar on input line 969.
LaTeX Info: Redefining \Relbar on input line 970.
\c@MaxMatrixCols=\count334
\dotsspace@=\muskip18
\c@parentequation=\count335
\dspbrk@lvl=\count336
\tag@help=\toks37
\row@=\count337
\column@=\count338
\maxfields@=\count339
\andhelp@=\toks38
\eqnshift@=\dimen286
\alignsep@=\dimen287
\tagshift@=\dimen288
\tagwidth@=\dimen289
\totwidth@=\dimen290
\lineht@=\dimen291
\@envbody=\toks39
\multlinegap=\skip61
\multlinetaggap=\skip62
\mathdisplay@stack=\toks40
LaTeX Info: Redefining \[ on input line 2953.
LaTeX Info: Redefining \] on input line 2954.
)
(/usr/share/texlive/texmf-dist/tex/latex/amscls/amsthm.sty
Package: amsthm 2020/05/29 v2.20.6
\thm@style=\toks41
\thm@bodyfont=\toks42
\thm@headfont=\toks43
\thm@notefont=\toks44
\thm@headpunct=\toks45
\thm@preskip=\skip63
\thm@postskip=\skip64
\thm@headsep=\skip65
\dth@everypar=\toks46
)
\c@theorem=\count340
)
(/usr/share/texlive/texmf-dist/tex/latex/beamer/beamerbasethemes.sty))
(/usr/share/texlive/texmf-dist/tex/latex/beamer/beamerthemedefault.sty
(/usr/share/texlive/texmf-dist/tex/latex/beamer/beamerfontthemedefault.sty)
(/usr/share/texlive/texmf-dist/tex/latex/beamer/beamercolorthemedefault.sty)
(/usr/share/texlive/texmf-dist/tex/latex/beamer/beamerinnerthemedefault.sty
\beamer@dima=\dimen292
\beamer@dimb=\dimen293
)
(/usr/share/texlive/texmf-dist/tex/latex/beamer/beamerouterthemedefault.sty)))
(/usr/share/texlive/texmf-dist/tex/latex/booktabs/booktabs.sty
Package: booktabs 2020/01/12 v1.61803398 Publication quality tables
\heavyrulewidth=\dimen294
\lightrulewidth=\dimen295
\cmidrulewidth=\dimen296
\belowrulesep=\dimen297
\belowbottomsep=\dimen298
\aboverulesep=\dimen299
\abovetopsep=\dimen300
\cmidrulesep=\dimen301
\cmidrulekern=\dimen302
\defaultaddspace=\dimen303
\@cmidla=\count341
\@cmidlb=\count342
\@aboverulesep=\dimen304
\@belowrulesep=\dimen305
\@thisruleclass=\count343
\@lastruleclass=\count344
\@thisrulewidth=\dimen306
)
(/usr/share/texlive/texmf-dist/tex/latex/base/inputenc.sty
Package: inputenc 2024/02/08 v1.3d Input encoding file
\inpenc@prehook=\toks47
\inpenc@posthook=\toks48


Package inputenc Warning: inputenc package ignored with utf8 based engines.

) (/usr/share/texlive/texmf-dist/tex/latex/base/fontenc.sty
Package: fontenc 2021/04/29 v2.0v Standard LaTeX package
LaTeX Font Info:    Trying to load font information for T1+lmss on input line 1
16.

(/usr/share/texmf/tex/latex/lm/t1lmss.fd
File: t1lmss.fd 2015/05/01 v1.6.1 Font defs for Latin Modern
))
(/usr/share/texlive/texmf-dist/tex/latex/pgf/frontendlayer/tikz.sty
(/usr/share/texlive/texmf-dist/tex/latex/pgf/basiclayer/pgf.sty
Package: pgf 2023-01-15 v3.1.10 (3.1.10)

(/usr/share/texlive/texmf-dist/tex/generic/pgf/modules/pgfmoduleshapes.code.tex
File: pgfmoduleshapes.code.tex 2023-01-15 v3.1.10 (3.1.10)
\pgfnodeparttextbox=\box77
) (/usr/share/texlive/texmf-dist/tex/generic/pgf/modules/pgfmoduleplot.code.tex
File: pgfmoduleplot.code.tex 2023-01-15 v3.1.10 (3.1.10)
)
(/usr/share/texlive/texmf-dist/tex/latex/pgf/compatibility/pgfcomp-version-0-65
.sty
Package: pgfcomp-version-0-65 2023-01-15 v3.1.10 (3.1.10)
\pgf@nodesepstart=\dimen307
\pgf@nodesepend=\dimen308
)
(/usr/share/texlive/texmf-dist/tex/latex/pgf/compatibility/pgfcomp-version-1-18
.sty
Package: pgfcomp-version-1-18 2023-01-15 v3.1.10 (3.1.10)
)) (/usr/share/texlive/texmf-dist/tex/latex/pgf/utilities/pgffor.sty
(/usr/share/texlive/texmf-dist/tex/generic/pgf/utilities/pgffor.code.tex
Package: pgffor 2023-01-15 v3.1.10 (3.1.10)
\pgffor@iter=\dimen309
\pgffor@skip=\dimen310
\pgffor@stack=\toks49
\pgffor@toks=\toks50
))
(/usr/share/texlive/texmf-dist/tex/generic/pgf/frontendlayer/tikz/tikz.code.tex
Package: tikz 2023-01-15 v3.1.10 (3.1.10)

(/usr/share/texlive/texmf-dist/tex/generic/pgf/libraries/pgflibraryplothandlers
.code.tex
File: pgflibraryplothandlers.code.tex 2023-01-15 v3.1.10 (3.1.10)
\pgf@plot@mark@count=\count345
\pgfplotmarksize=\dimen311
)
\tikz@lastx=\dimen312
\tikz@lasty=\dimen313
\tikz@lastxsaved=\dimen314
\tikz@lastysaved=\dimen315
\tikz@lastmovetox=\dimen316
\tikz@lastmovetoy=\dimen317
\tikzleveldistance=\dimen318
\tikzsiblingdistance=\dimen319
\tikz@figbox=\box78
\tikz@figbox@bg=\box79
\tikz@tempbox=\box80
\tikz@tempbox@bg=\box81
\tikztreelevel=\count346
\tikznumberofchildren=\count347
\tikznumberofcurrentchild=\count348
\tikz@fig@count=\count349

(/usr/share/texlive/texmf-dist/tex/generic/pgf/modules/pgfmodulematrix.code.tex
File: pgfmodulematrix.code.tex 2023-01-15 v3.1.10 (3.1.10)
\pgfmatrixcurrentrow=\count350
\pgfmatrixcurrentcolumn=\count351
\pgf@matrix@numberofcolumns=\count352
)
\tikz@expandcount=\count353

(/usr/share/texlive/texmf-dist/tex/generic/pgf/frontendlayer/tikz/libraries/tik
zlibrarytopaths.code.tex
File: tikzlibrarytopaths.code.tex 2023-01-15 v3.1.10 (3.1.10)
)))
(/usr/share/texlive/texmf-dist/tex/latex/base/latexsym.sty
Package: latexsym 1998/08/17 v2.2e Standard LaTeX package (lasy symbols)
\symlasy=\mathgroup6
LaTeX Font Info:    Overwriting symbol font `lasy' in version `bold'
(Font)                  U/lasy/m/n --> U/lasy/b/n on input line 52.
)
(/usr/share/texlive/texmf-dist/tex/latex/tools/multicol.sty
Package: multicol 2024/05/23 v1.9h multicolumn formatting (FMi)
\c@tracingmulticols=\count354
\mult@box=\box82
\multicol@leftmargin=\dimen320
\c@unbalance=\count355
\c@collectmore=\count356
\doublecol@number=\count357
\multicoltolerance=\count358
\multicolpretolerance=\count359
\full@width=\dimen321
\page@free=\dimen322
\premulticols=\dimen323
\postmulticols=\dimen324
\multicolsep=\skip66
\multicolbaselineskip=\skip67
\partial@page=\box83
\last@line=\box84
\mc@boxedresult=\box85
\maxbalancingoverflow=\dimen325
\mult@rightbox=\box86
\mult@grightbox=\box87
\mult@firstbox=\box88
\mult@gfirstbox=\box89
\@tempa=\box90
\@tempa=\box91
\@tempa=\box92
\@tempa=\box93
\@tempa=\box94
\@tempa=\box95
\@tempa=\box96
\@tempa=\box97
\@tempa=\box98
\@tempa=\box99
\@tempa=\box100
\@tempa=\box101
\@tempa=\box102
\@tempa=\box103
\@tempa=\box104
\@tempa=\box105
\@tempa=\box106
\@tempa=\box107
\@tempa=\box108
\@tempa=\box109
\@tempa=\box110
\@tempa=\box111
\@tempa=\box112
\@tempa=\box113
\@tempa=\box114
\@tempa=\box115
\@tempa=\box116
\@tempa=\box117
\@tempa=\box118
\@tempa=\box119
\@tempa=\box120
\@tempa=\box121
\@tempa=\box122
\@tempa=\box123
\@tempa=\box124
\@tempa=\box125
\c@minrows=\count360
\c@columnbadness=\count361
\c@finalcolumnbadness=\count362
\last@try=\dimen326
\multicolovershoot=\dimen327
\multicolundershoot=\dimen328
\mult@nat@firstbox=\box126
\colbreak@box=\box127
\mc@col@check@num=\count363
)
(/usr/share/texlive/texmf-dist/tex/latex/fundus-calligra/calligra.sty
Package: calligra 2012/04/10 v1.9 LaTeX package calligra
)
(/usr/share/texlive/texmf-dist/tex/latex/boondox/BOONDOX-cal.sty
Package: BOONDOX-cal 2017/02/25 v1.02 U/BOONDOX-cal

(/usr/share/texlive/texmf-dist/tex/latex/xkeyval/xkeyval.sty
Package: xkeyval 2022/06/16 v2.9 package option processing (HA)

(/usr/share/texlive/texmf-dist/tex/generic/xkeyval/xkeyval.tex
(/usr/share/texlive/texmf-dist/tex/generic/xkeyval/xkvutils.tex
\XKV@toks=\toks51
\XKV@tempa@toks=\toks52
)
\XKV@depth=\count364
File: xkeyval.tex 2014/12/03 v2.7a key=value parser (HA)
))
LaTeX Font Info:    Redeclaring math alphabet \mathcal on input line 10.
LaTeX Font Info:    Overwriting math alphabet `\mathcal' in version `bold'
(Font)                  U/BOONDOX-cal/m/n --> U/BOONDOX-cal/b/n on input line 1
1.
)
\sympureletters=\mathgroup7
LaTeX Font Info:    Overwriting symbol font `pureletters' in version `bold'
(Font)                  OT1/mathkerncmss/m/sl --> OT1/mathkerncmss/bx/sl on inp
ut line 82.

(/usr/share/texlive/texmf-dist/tex/latex/tools/bm.sty
Package: bm 2023/12/19 v1.2f Bold Symbol Support (DPC/FMi)
\symboldoperators=\mathgroup8
\symboldletters=\mathgroup9
\symboldsymbols=\mathgroup10
Package bm Info: No bold for \OMX/cmex/m/n, using \pmb.
Package bm Info: No bold for \U/msa/m/n, using \pmb.
Package bm Info: No bold for \U/msb/m/n, using \pmb.
\symboldlasy=\mathgroup11
LaTeX Font Info:    Redeclaring math alphabet \mathbf on input line 149.
)
(/usr/share/texlive/texmf-dist/tex/latex/pstricks/pstricks.sty
Package: pstricks 2024/02/02 v0.75 LaTeX wrapper for `PSTricks' (RN,HV)

(/usr/share/texlive/texmf-dist/tex/generic/xkeyval/pst-xkey.tex
File: pst-xkey.tex 2005/11/25 v1.6 PSTricks specialization of xkeyval (HA)
)
(/usr/share/texlive/texmf-dist/tex/generic/pstricks/pstricks.tex
(/usr/share/texlive/texmf-dist/tex/generic/pstricks/pst-fp.tex
`pst-fp' v0.06, 2020/11/20 (hv)
\pstFP@xs=\count365
\pstFP@xia=\count366
\pstFP@xib=\count367
\pstFP@xfa=\count368
\pstFP@xfb=\count369
\pstFP@rega=\count370
\pstFP@regb=\count371
\pstFP@regs=\count372
\pstFP@times=\count373
)
\psLoopIndex=\count374

`PSTricks' v3.19c  <2024/02/02> (tvz,hv)
\pst@dima=\dimen329
\pst@dimb=\dimen330
\pst@dimc=\dimen331
\pst@dimd=\dimen332
\pst@dimg=\dimen333
\pst@dimh=\dimen334
\pst@dimm=\dimen335
\pst@dimn=\dimen336
\pst@dimo=\dimen337
\pst@dimp=\dimen338
\pst@hbox=\box128
\pst@ibox=\box129
\pst@boxg=\box130
\pst@cnta=\count375
\pst@cntb=\count376
\pst@cntc=\count377
\pst@cntd=\count378
\pst@cntg=\count379
\pst@cnth=\count380
\pst@cntm=\count381
\pst@cntn=\count382
\pst@cnto=\count383
\pst@cntp=\count384
\@zero=\count385
\pst@toks=\toks53
--- We are running lualatex with luapstricks ---
Lua module: luapstricks 2023-05-23 v0.10 PSTricks backend for LuaLaTeX
Lua function luaPST = 30
Lua function luaPSTcolor = 31
Lua function luaPSTbox = 32 (/usr/share/texlive/texmf-dist/tex/generic/pstricks
/pstricks-color.tex)
\psunit=\dimen339
\psxunit=\dimen340
\psyunit=\dimen341
\pst@C@@rType=\count386
\pslinewidth=\dimen342
\psk@startLW=\dimen343
\psk@endLW=\dimen344

(/usr/share/texlive/texmf-dist/tex/generic/pstricks/pstricks-arrows.tex
\pshooklength=\dimen345
\pshookwidth=\dimen346
)
\pst@customdefs=\toks54

(/usr/share/texlive/texmf-dist/tex/generic/pstricks/pstricks-dots.tex)
\pslinearc=\dimen347
\pst@symbolStep=\dimen348
\pst@symbolWidth=\dimen349
\pst@symbolLinewidth=\dimen350
\everypsbox=\toks55
\psframesep=\dimen351
\pslabelsep=\dimen352
\sh@wgridXunit=\dimen353
\sh@wgridYunit=\dimen354
\pst@shift=\dimen355
\ps@imagectr=\count387
)
File: pstricks.tex 2024/02/02 v3.19c `PSTricks' (tvz,hv)

(/usr/share/texlive/texmf-dist/tex/generic/pstricks/pst-fp.tex
`pst-fp' v0.06, 2020/11/20 (hv))
File: pst-fp.tex 2020/11/20 v0.06 `PST-fp' (hv)
)
(/usr/share/texlive/texmf-dist/tex/latex/stackengine/stackengine.sty
Package: stackengine 2021/07/22 v4.11\ Stacking text and objects in convenient 
ways

(/usr/share/texlive/texmf-dist/tex/generic/listofitems/listofitems.sty
(/usr/share/texlive/texmf-dist/tex/generic/listofitems/listofitems.tex
\loi_cnt_foreach_nest=\count388
\loi_nestcnt=\count389
)
Package: listofitems 2024/03/09 v1.65 Grab items in lists using user-specified 
sep char (CT)
)
(/usr/share/texlive/texmf-dist/tex/latex/tools/calc.sty
Package: calc 2023/07/08 v4.3 Infix arithmetic (KKT,FJ)
\calc@Acount=\count390
\calc@Bcount=\count391
\calc@Adimen=\dimen356
\calc@Bdimen=\dimen357
\calc@Askip=\skip68
\calc@Bskip=\skip69
LaTeX Info: Redefining \setlength on input line 80.
LaTeX Info: Redefining \addtolength on input line 81.
\calc@Ccount=\count392
\calc@Cskip=\skip70
)
\c@@stackindex=\count393
\@boxshift=\skip71
\stack@tmplength=\skip72
\temp@stkl=\skip73
\@stackedboxwidth=\skip74
\@addedbox=\box131
\@anchorbox=\box132
\@insetbox=\box133
\se@backgroundbox=\box134
\stackedbox=\box135
\@centerbox=\box136
\c@ROWcellindex@=\count394
) (./wue.sty
(/usr/share/texlive/texmf-dist/tex/latex/beamer/beamerouterthemesmoothbars.sty) (/usr/share/texlive/texmf-dist/tex/latex/beamer/beamerinnerthemecircles.sty))
\c@thm=\count395

(/usr/share/texlive/texmf-dist/tex/latex/l3backend/l3backend-luatex.def
File: l3backend-luatex.def 2024-05-08 L3 backend support: PDF output (LuaTeX)
\l__color_backend_stack_int=\count396
Inserting `l3color' in `luaotfload.parse_color'.
\l__pdf_internal_box=\box137
)
("./presentation 01.aux")
\openout1 = presentation 01.aux

LaTeX Font Info:    Checking defaults for OML/cmm/m/it on input line 123.
LaTeX Font Info:    ... okay on input line 123.
LaTeX Font Info:    Checking defaults for OMS/cmsy/m/n on input line 123.
LaTeX Font Info:    ... okay on input line 123.
LaTeX Font Info:    Checking defaults for OT1/cmr/m/n on input line 123.
LaTeX Font Info:    ... okay on input line 123.
LaTeX Font Info:    Checking defaults for T1/cmr/m/n on input line 123.
LaTeX Font Info:    ... okay on input line 123.
LaTeX Font Info:    Checking defaults for TS1/cmr/m/n on input line 123.
LaTeX Font Info:    Trying to load font information for TS1+cmr on input line 1
23.

(/usr/share/texlive/texmf-dist/tex/latex/base/ts1cmr.fd
File: ts1cmr.fd 2023/04/13 v2.5m Standard LaTeX font definitions
)
LaTeX Font Info:    ... okay on input line 123.
LaTeX Font Info:    Checking defaults for TU/lmr/m/n on input line 123.
LaTeX Font Info:    ... okay on input line 123.
LaTeX Font Info:    Checking defaults for OMX/cmex/m/n on input line 123.
LaTeX Font Info:    ... okay on input line 123.
LaTeX Font Info:    Checking defaults for U/cmr/m/n on input line 123.
LaTeX Font Info:    ... okay on input line 123.
LaTeX Font Info:    Checking defaults for PD1/pdf/m/n on input line 123.
LaTeX Font Info:    ... okay on input line 123.
LaTeX Font Info:    Checking defaults for PU/pdf/m/n on input line 123.
LaTeX Font Info:    ... okay on input line 123.

*geometry* driver: auto-detecting
*geometry* detected driver: luatex
*geometry* verbose mode - [ preamble ] result:
* driver: luatex
* paper: custom
* layout: <same size as paper>
* layoutoffset:(h,v)=(0.0pt,0.0pt)
* modes: includehead includefoot 
* h-part:(L,W,R)=(28.45274pt, 307.28987pt, 28.45274pt)
* v-part:(T,H,B)=(0.0pt, 273.14662pt, 0.0pt)
* \paperwidth=364.19536pt
* \paperheight=273.14662pt
* \textwidth=307.28987pt
* \textheight=244.6939pt
* \oddsidemargin=-43.81725pt
* \evensidemargin=-43.81725pt
* \topmargin=-72.26999pt
* \headheight=14.22636pt
* \headsep=0.0pt
* \topskip=10.0pt
* \footskip=14.22636pt
* \marginparwidth=3.0pt
* \marginparsep=11.0pt
* \columnsep=10.0pt
* \skip\footins=9.0pt plus 4.0pt minus 2.0pt
* \hoffset=0.0pt
* \voffset=0.0pt
* \mag=1000
* \@twocolumnfalse
* \@twosidefalse
* \@mparswitchfalse
* \@reversemarginfalse
* (1in=72.27pt=25.4mm, 1cm=28.453pt)

(/usr/share/texlive/texmf-dist/tex/context/base/mkii/supp-pdf.mkii
[Loading MPS to PDF converter (version 2006.09.02).]
\scratchcounter=\count397
\scratchdimen=\dimen358
\scratchbox=\box138
\nofMPsegments=\count398
\nofMParguments=\count399
\everyMPshowfont=\toks56
\MPscratchCnt=\count400
\MPscratchDim=\dimen359
\MPnumerator=\count401
\makeMPintoPDFobject=\count402
\everyMPtoPDFconversion=\toks57
) (/usr/share/texlive/texmf-dist/tex/latex/epstopdf-pkg/epstopdf-base.sty
Package: epstopdf-base 2020-01-24 v2.11 Base part for package epstopdf
Package epstopdf-base Info: Redefining graphics rule for `.eps' on input line 4
85.

(/usr/share/texlive/texmf-dist/tex/latex/latexconfig/epstopdf-sys.cfg
File: epstopdf-sys.cfg 2010/07/13 v1.3 Configuration of (r)epstopdf for TeX Liv
e
))
Package hyperref Info: Link coloring OFF on input line 123.

("./presentation 01.out") ("./presentation 01.out")
\@outlinefile=\write5

\openout5 = presentation 01.out
LaTeX Font Info:    Overwriting symbol font `operators' in version `normal'
(Font)                  OT1/cmr/m/n --> OT1/cmss/m/n on input line 123.
LaTeX Font Info:    Overwriting symbol font `operators' in version `bold'
(Font)                  OT1/cmr/bx/n --> OT1/cmss/b/n on input line 123.
\symnumbers=\mathgroup12
LaTeX Font Info:    Redeclaring symbol font `pureletters' on input line 123.
LaTeX Font Info:    Encoding `OT1' has changed to `T1' for symbol font
(Font)              `pureletters' in the math version `normal' on input line 12
3.
LaTeX Font Info:    Overwriting symbol font `pureletters' in version `normal'
(Font)                  OT1/mathkerncmss/m/sl --> T1/lmss/m/it on input line 12
3.
LaTeX Font Info:    Encoding `OT1' has changed to `T1' for symbol font
(Font)              `pureletters' in the math version `bold' on input line 123.

LaTeX Font Info:    Overwriting symbol font `pureletters' in version `bold'
(Font)                  OT1/mathkerncmss/bx/sl --> T1/lmss/m/it on input line 1
23.
LaTeX Font Info:    Overwriting math alphabet `\mathrm' in version `normal'
(Font)                  OT1/cmss/m/n --> T1/lmr/m/n on input line 123.
LaTeX Font Info:    Redeclaring math alphabet \mathbf on input line 123.
LaTeX Font Info:    Redeclaring math alphabet \mathsf on input line 123.
LaTeX Font Info:    Overwriting math alphabet `\mathsf' in version `normal'
(Font)                  OT1/cmss/m/n --> T1/lmss/m/n on input line 123.
LaTeX Font Info:    Overwriting math alphabet `\mathsf' in version `bold'
(Font)                  OT1/cmss/bx/n --> T1/lmss/m/n on input line 123.
LaTeX Font Info:    Redeclaring math alphabet \mathit on input line 123.
LaTeX Font Info:    Overwriting math alphabet `\mathit' in version `normal'
(Font)                  OT1/cmr/m/it --> T1/lmss/m/it on input line 123.
LaTeX Font Info:    Overwriting math alphabet `\mathit' in version `bold'
(Font)                  OT1/cmr/bx/it --> T1/lmss/m/it on input line 123.
LaTeX Font Info:    Redeclaring math alphabet \mathtt on input line 123.
LaTeX Font Info:    Overwriting math alphabet `\mathtt' in version `normal'
(Font)                  OT1/cmtt/m/n --> T1/lmtt/m/n on input line 123.
LaTeX Font Info:    Overwriting math alphabet `\mathtt' in version `bold'
(Font)                  OT1/cmtt/m/n --> T1/lmtt/m/n on input line 123.
LaTeX Font Info:    Overwriting symbol font `numbers' in version `bold'
(Font)                  T1/lmss/m/n --> T1/lmss/b/n on input line 123.
LaTeX Font Info:    Overwriting symbol font `pureletters' in version `bold'
(Font)                  T1/lmss/m/it --> T1/lmss/b/it on input line 123.
LaTeX Font Info:    Overwriting math alphabet `\mathrm' in version `bold'
(Font)                  OT1/cmss/b/n --> T1/lmr/b/n on input line 123.
LaTeX Font Info:    Overwriting math alphabet `\mathbf' in version `bold'
(Font)                  T1/lmss/b/n --> T1/lmss/b/n on input line 123.
LaTeX Font Info:    Overwriting math alphabet `\mathsf' in version `bold'
(Font)                  T1/lmss/m/n --> T1/lmss/b/n on input line 123.
LaTeX Font Info:    Overwriting math alphabet `\mathit' in version `bold'
(Font)                  T1/lmss/m/it --> T1/lmss/b/it on input line 123.
LaTeX Font Info:    Overwriting math alphabet `\mathtt' in version `bold'
(Font)                  T1/lmtt/m/n --> T1/lmtt/b/n on input line 123.
\symboldpureletters=\mathgroup13

(/usr/share/texlive/texmf-dist/tex/latex/translator/translator-basic-dictionary
-English.dict
Dictionary: translator-basic-dictionary, Language: English 
)
(/usr/share/texlive/texmf-dist/tex/latex/translator/translator-bibliography-dic
tionary-English.dict
Dictionary: translator-bibliography-dictionary, Language: English 
)
(/usr/share/texlive/texmf-dist/tex/latex/translator/translator-environment-dict
ionary-English.dict
Dictionary: translator-environment-dictionary, Language: English 
)
(/usr/share/texlive/texmf-dist/tex/latex/translator/translator-months-dictionar
y-English.dict
Dictionary: translator-months-dictionary, Language: English 
)
(/usr/share/texlive/texmf-dist/tex/latex/translator/translator-numbers-dictiona
ry-English.dict
Dictionary: translator-numbers-dictionary, Language: English 
)
(/usr/share/texlive/texmf-dist/tex/latex/translator/translator-theorem-dictiona
ry-English.dict
Dictionary: translator-theorem-dictionary, Language: English 
) ("./presentation 01.nav")
Overfull \hbox (193.53738pt too wide) detected at line 123
  [] [][] [][][][][][][][][][][][][][][][][][] [][][][][][][][][][][][][] [][][
][][][][][][][][][][][][][][] [][][][] [][][][] [][][][] [][][][] [][][][][][] 
 
 []


Overfull \hbox (193.53738pt too wide) detected at line 127
  [] [][] [][][][][][][][][][][][][][][][][][] [][][][][][][][][][][][][] [][][
][][][][][][][][][][][][][][] [][][][] [][][][] [][][][] [][][][] [][][][][][] 
 
 []

LaTeX Font Info:    Font shape `T1/lmss/m/it' in size <7> not available
(Font)              Font shape `T1/lmss/m/sl' tried instead on input line 127.



Overfull \hbox (193.53738pt too wide) has occurred while \output is active
  [] [][] [][][][][][][][][][][][][][][][][][] [][][][][][][][][][][][][] [][][
][][][][][][][][][][][][][][] [][][][] [][][][] [][][][] [][][][] [][][][][][] 
 
 []

[1{/var/lib/texmf/fonts/map/pdftex/updmap/pdftex.map}

]
Overfull \hbox (193.53738pt too wide) detected at line 137
  [] [][] [][][][][][][][][][][][][][][][][][] [][][][][][][][][][][][][] [][][
][][][][][][][][][][][][][][] [][][][] [][][][] [][][][] [][][][] [][][][][][] 
 
 []

("./presentation 01.toc")
Overfull \vbox (21.78603pt too high) detected at line 137
 []




Overfull \hbox (193.53738pt too wide) has occurred while \output is active
  [] [][] [][][][][][][][][][][][][][][][][][] [][][][][][][][][][][][][] [][][
][][][][][][][][][][][][][][] [][][][] [][][][] [][][][] [][][][] [][][][][][] 
 
 []

[2

]
Overfull \hbox (193.53738pt too wide) detected at line 144
  [] [][] [][][][][][][][][][][][][][][][][][] [][][][][][][][][][][][][] [][][
][][][][][][][][][][][][][][] [][][][] [][][][] [][][][] [][][][] [][][][][][] 
 
 []

("./presentation 01.toc")
Overfull \vbox (0.46391pt too high) detected at line 144
 []




Overfull \hbox (193.53738pt too wide) has occurred while \output is active
  [] [][] [][][][][][][][][][][][][][][][][][] [][][][][][][][][][][][][] [][][
][][][][][][][][][][][][][][] [][][][] [][][][] [][][][] [][][][] [][][][][][] 
 
 []

[3

]
Overfull \hbox (193.53738pt too wide) detected at line 149
  [] [][] [][][][][][][][][][][][][][][][][][] [][][][][][][][][][][][][] [][][
][][][][][][][][][][][][][][] [][][][] [][][][] [][][][] [][][][] [][][][][][] 
 
 []

("./presentation 01.toc")
Overfull \vbox (72.46391pt too high) detected at line 149
 []




Overfull \hbox (193.53738pt too wide) has occurred while \output is active
  [] [][] [][][][][][][][][][][][][][][][][][] [][][][][][][][][][][][][] [][][
][][][][][][][][][][][][][][] [][][][] [][][][] [][][][] [][][][] [][][][][][] 
 
 []

[4

]
Overfull \hbox (193.53738pt too wide) detected at line 151
  [] [][] [][][][][][][][][][][][][][][][][][] [][][][][][][][][][][][][] [][][
][][][][][][][][][][][][][][] [][][][] [][][][] [][][][] [][][][] [][][][][][] 
 
 []

("./presentation 01.toc")
Overfull \vbox (72.46391pt too high) detected at line 151
 []




Overfull \hbox (193.53738pt too wide) has occurred while \output is active
  [] [][] [][][][][][][][][][][][][][][][][][] [][][][][][][][][][][][][] [][][
][][][][][][][][][][][][][][] [][][][] [][][][] [][][][] [][][][] [][][][][][] 
 
 []

[5

]
Overfull \hbox (193.53738pt too wide) detected at line 160
  [] [][] [][][][][][][][][][][][][][][][][][] [][][][][][][][][][][][][] [][][
][][][][][][][][][][][][][][] [][][][] [][][][] [][][][] [][][][] [][][][][][] 
 
 []




Overfull \hbox (193.53738pt too wide) has occurred while \output is active
  [] [][] [][][][][][][][][][][][][][][][][][] [][][][][][][][][][][][][] [][][
][][][][][][][][][][][][][][] [][][][] [][][][] [][][][] [][][][] [][][][][][] 
 
 []

[6

]
Overfull \hbox (193.53738pt too wide) detected at line 164
  [] [][] [][][][][][][][][][][][][][][][][][] [][][][][][][][][][][][][] [][][
][][][][][][][][][][][][][][] [][][][] [][][][] [][][][] [][][][] [][][][][][] 
 
 []

("./presentation 01.toc")
Overfull \vbox (72.46391pt too high) detected at line 164
 []




Overfull \hbox (193.53738pt too wide) has occurred while \output is active
  [] [][] [][][][][][][][][][][][][][][][][][] [][][][][][][][][][][][][] [][][
][][][][][][][][][][][][][][] [][][][] [][][][] [][][][] [][][][] [][][][][][] 
 
 []

[7

]
Overfull \hbox (193.53738pt too wide) detected at line 179
  [] [][] [][][][][][][][][][][][][][][][][][] [][][][][][][][][][][][][] [][][
][][][][][][][][][][][][][][] [][][][] [][][][] [][][][] [][][][] [][][][][][] 
 
 []

LaTeX Font Info:    Trying to load font information for U+msa on input line 179
.
(/usr/share/texlive/texmf-dist/tex/latex/amsfonts/umsa.fd
File: umsa.fd 2013/01/14 v3.01 AMS symbols A
)
LaTeX Font Info:    Trying to load font information for U+msb on input line 179
.

(/usr/share/texlive/texmf-dist/tex/latex/amsfonts/umsb.fd
File: umsb.fd 2013/01/14 v3.01 AMS symbols B
)
LaTeX Font Info:    Trying to load font information for U+lasy on input line 17
9.

(/usr/share/texlive/texmf-dist/tex/latex/base/ulasy.fd
File: ulasy.fd 1998/08/17 v2.2e LaTeX symbol font definitions
)
LaTeX Font Info:    Font shape `T1/lmss/m/it' in size <10> not available
(Font)              Font shape `T1/lmss/m/sl' tried instead on input line 179.
LaTeX Font Info:    Font shape `T1/lmss/m/it' in size <5> not available
(Font)              Font shape `T1/lmss/m/sl' tried instead on input line 179.
LaTeX Font Info:    Font shape `U/lasy/b/n' in size <7> not available
(Font)              Font shape `U/lasy/m/n' tried instead on input line 179.
LaTeX Font Info:    Font shape `U/lasy/b/n' in size <5> not available
(Font)              Font shape `U/lasy/m/n' tried instead on input line 179.
LaTeX Font Info:    Font shape `T1/lmss/bx/it' in size <10> not available
(Font)              Font shape `T1/lmss/bx/sl' tried instead on input line 179.

LaTeX Font Info:    Font shape `T1/lmss/bx/it' in size <7> not available
(Font)              Font shape `T1/lmss/bx/sl' tried instead on input line 179.

LaTeX Font Info:    Font shape `T1/lmss/bx/it' in size <5> not available
(Font)              Font shape `T1/lmss/bx/sl' tried instead on input line 179.




Overfull \hbox (193.53738pt too wide) has occurred while \output is active
  [] [][] [][][][][][][][][][][][][][][][][][] [][][][][][][][][][][][][] [][][
][][][][][][][][][][][][][][] [][][][] [][][][] [][][][] [][][][] [][][][][][] 
 
 []

[8


Missing character: There is no “ (U+201C) in font ec-lmsso10!
Missing character: There is no ” (U+201D) in font ec-lmsso10!
Missing character: There is no ” (U+201D) in font ec-lmsso10!
]
Overfull \hbox (193.53738pt too wide) detected at line 183
  [] [][] [][][][][][][][][][][][][][][][][][] [][][][][][][][][][][][][] [][][
][][][][][][][][][][][][][][] [][][][] [][][][] [][][][] [][][][] [][][][][][] 
 
 []

("./presentation 01.toc")
Overfull \vbox (72.46391pt too high) detected at line 183
 []




Overfull \hbox (193.53738pt too wide) has occurred while \output is active
  [] [][] [][][][][][][][][][][][][][][][][][] [][][][][][][][][][][][][] [][][
][][][][][][][][][][][][][][] [][][][] [][][][] [][][][] [][][][] [][][][][][] 
 
 []

[9

]
Overfull \hbox (193.53738pt too wide) detected at line 194
  [] [][] [][][][][][][][][][][][][][][][][][] [][][][][][][][][][][][][] [][][
][][][][][][][][][][][][][][] [][][][] [][][][] [][][][] [][][][] [][][][][][] 
 
 []




Overfull \hbox (193.53738pt too wide) has occurred while \output is active
  [] [][] [][][][][][][][][][][][][][][][][][] [][][][][][][][][][][][][] [][][
][][][][][][][][][][][][][][] [][][][] [][][][] [][][][] [][][][] [][][][][][] 
 
 []

[10

]
Overfull \hbox (193.53738pt too wide) detected at line 197
  [] [][] [][][][][][][][][][][][][][][][][][] [][][][][][][][][][][][][] [][][
][][][][][][][][][][][][][][] [][][][] [][][][] [][][][] [][][][] [][][][][][] 
 
 []

("./presentation 01.toc")
Overfull \vbox (72.46391pt too high) detected at line 197
 []




Overfull \hbox (193.53738pt too wide) has occurred while \output is active
  [] [][] [][][][][][][][][][][][][][][][][][] [][][][][][][][][][][][][] [][][
][][][][][][][][][][][][][][] [][][][] [][][][] [][][][] [][][][] [][][][][][] 
 
 []

[11

]
Overfull \hbox (193.53738pt too wide) detected at line 202
  [] [][] [][][][][][][][][][][][][][][][][][] [][][][][][][][][][][][][] [][][
][][][][][][][][][][][][][][] [][][][] [][][][] [][][][] [][][][] [][][][][][] 
 
 []




Overfull \hbox (193.53738pt too wide) has occurred while \output is active
  [] [][] [][][][][][][][][][][][][][][][][][] [][][][][][][][][][][][][] [][][
][][][][][][][][][][][][][][] [][][][] [][][][] [][][][] [][][][] [][][][][][] 
 
 []

[12

]
Overfull \hbox (193.53738pt too wide) detected at line 206
  [] [][] [][][][][][][][][][][][][][][][][][] [][][][][][][][][][][][][] [][][
][][][][][][][][][][][][][][] [][][][] [][][][] [][][][] [][][][] [][][][][][] 
 
 []

("./presentation 01.toc")
Overfull \vbox (72.46391pt too high) detected at line 206
 []




Overfull \hbox (193.53738pt too wide) has occurred while \output is active
  [] [][] [][][][][][][][][][][][][][][][][][] [][][][][][][][][][][][][] [][][
][][][][][][][][][][][][][][] [][][][] [][][][] [][][][] [][][][] [][][][][][] 
 
 []

[13

]
Overfull \hbox (193.53738pt too wide) detected at line 219
  [] [][] [][][][][][][][][][][][][][][][][][] [][][][][][][][][][][][][] [][][
][][][][][][][][][][][][][][] [][][][] [][][][] [][][][] [][][][] [][][][][][] 
 
 []




Overfull \hbox (193.53738pt too wide) has occurred while \output is active
  [] [][] [][][][][][][][][][][][][][][][][][] [][][][][][][][][][][][][] [][][
][][][][][][][][][][][][][][] [][][][] [][][][] [][][][] [][][][] [][][][][][] 
 
 []

[14

]
Overfull \hbox (193.53738pt too wide) detected at line 228
  [] [][] [][][][][][][][][][][][][][][][][][] [][][][][][][][][][][][][] [][][
][][][][][][][][][][][][][][] [][][][] [][][][] [][][][] [][][][] [][][][][][] 
 
 []




Overfull \hbox (193.53738pt too wide) has occurred while \output is active
  [] [][] [][][][][][][][][][][][][][][][][][] [][][][][][][][][][][][][] [][][
][][][][][][][][][][][][][][] [][][][] [][][][] [][][][] [][][][] [][][][][][] 
 
 []

[15

]
Overfull \hbox (193.53738pt too wide) detected at line 232
  [] [][] [][][][][][][][][][][][][][][][][][] [][][][][][][][][][][][][] [][][
][][][][][][][][][][][][][][] [][][][] [][][][] [][][][] [][][][] [][][][][][] 
 
 []

("./presentation 01.toc")
Overfull \vbox (72.46391pt too high) detected at line 232
 []




Overfull \hbox (193.53738pt too wide) has occurred while \output is active
  [] [][] [][][][][][][][][][][][][][][][][][] [][][][][][][][][][][][][] [][][
][][][][][][][][][][][][][][] [][][][] [][][][] [][][][] [][][][] [][][][][][] 
 
 []

[16

]
Overfull \hbox (193.53738pt too wide) detected at line 247
  [] [][] [][][][][][][][][][][][][][][][][][] [][][][][][][][][][][][][] [][][
][][][][][][][][][][][][][][] [][][][] [][][][] [][][][] [][][][] [][][][][][] 
 
 []




Overfull \hbox (193.53738pt too wide) has occurred while \output is active
  [] [][] [][][][][][][][][][][][][][][][][][] [][][][][][][][][][][][][] [][][
][][][][][][][][][][][][][][] [][][][] [][][][] [][][][] [][][][] [][][][][][] 
 
 []

[17


Missing character: There is no “ (U+201C) in font ec-lmss10!
Missing character: There is no ” (U+201D) in font ec-lmss10!
]
Overfull \hbox (193.53738pt too wide) detected at line 270
  [] [][] [][][][][][][][][][][][][][][][][][] [][][][][][][][][][][][][] [][][
][][][][][][][][][][][][][][] [][][][] [][][][] [][][][] [][][][] [][][][][][] 
 
 []




Overfull \hbox (193.53738pt too wide) has occurred while \output is active
  [] [][] [][][][][][][][][][][][][][][][][][] [][][][][][][][][][][][][] [][][
][][][][][][][][][][][][][][] [][][][] [][][][] [][][][] [][][][] [][][][][][] 
 
 []

[18

]
Overfull \hbox (193.53738pt too wide) detected at line 290
  [] [][] [][][][][][][][][][][][][][][][][][] [][][][][][][][][][][][][] [][][
][][][][][][][][][][][][][][] [][][][] [][][][] [][][][] [][][][] [][][][][][] 
 
 []




Overfull \hbox (193.53738pt too wide) has occurred while \output is active
  [] [][] [][][][][][][][][][][][][][][][][][] [][][][][][][][][][][][][] [][][
][][][][][][][][][][][][][][] [][][][] [][][][] [][][][] [][][][] [][][][][][] 
 
 []

[19

]
Overfull \hbox (193.53738pt too wide) detected at line 309
  [] [][] [][][][][][][][][][][][][][][][][][] [][][][][][][][][][][][][] [][][
][][][][][][][][][][][][][][] [][][][] [][][][] [][][][] [][][][] [][][][][][] 
 
 []




Overfull \hbox (193.53738pt too wide) has occurred while \output is active
  [] [][] [][][][][][][][][][][][][][][][][][] [][][][][][][][][][][][][] [][][
][][][][][][][][][][][][][][] [][][][] [][][][] [][][][] [][][][] [][][][][][] 
 
 []

[20

]
Overfull \hbox (193.53738pt too wide) detected at line 312
  [] [][] [][][][][][][][][][][][][][][][][][] [][][][][][][][][][][][][] [][][
][][][][][][][][][][][][][][] [][][][] [][][][] [][][][] [][][][] [][][][][][] 
 
 []

("./presentation 01.toc")
Overfull \vbox (60.46391pt too high) detected at line 312
 []




Overfull \hbox (193.53738pt too wide) has occurred while \output is active
  [] [][] [][][][][][][][][][][][][][][][][][] [][][][][][][][][][][][][] [][][
][][][][][][][][][][][][][][] [][][][] [][][][] [][][][] [][][][] [][][][][][] 
 
 []

[21

]
Overfull \hbox (193.53738pt too wide) detected at line 315
  [] [][] [][][][][][][][][][][][][][][][][][] [][][][][][][][][][][][][] [][][
][][][][][][][][][][][][][][] [][][][] [][][][] [][][][] [][][][] [][][][][][] 
 
 []

("./presentation 01.toc")
Overfull \vbox (60.46391pt too high) detected at line 315
 []




Overfull \hbox (193.53738pt too wide) has occurred while \output is active
  [] [][] [][][][][][][][][][][][][][][][][][] [][][][][][][][][][][][][] [][][
][][][][][][][][][][][][][][] [][][][] [][][][] [][][][] [][][][] [][][][][][] 
 
 []

[22

]
Overfull \hbox (193.53738pt too wide) detected at line 329
  [] [][] [][][][][][][][][][][][][][][][][][] [][][][][][][][][][][][][] [][][
][][][][][][][][][][][][][][] [][][][] [][][][] [][][][] [][][][] [][][][][][] 
 
 []




Overfull \hbox (193.53738pt too wide) has occurred while \output is active
  [] [][] [][][][][][][][][][][][][][][][][][] [][][][][][][][][][][][][] [][][
][][][][][][][][][][][][][][] [][][][] [][][][] [][][][] [][][][] [][][][][][] 
 
 []

[23

]
Overfull \hbox (193.53738pt too wide) detected at line 333
  [] [][] [][][][][][][][][][][][][][][][][][] [][][][][][][][][][][][][] [][][
][][][][][][][][][][][][][][] [][][][] [][][][] [][][][] [][][][] [][][][][][] 
 
 []

("./presentation 01.toc")
Overfull \vbox (60.46391pt too high) detected at line 333
 []




Overfull \hbox (193.53738pt too wide) has occurred while \output is active
  [] [][] [][][][][][][][][][][][][][][][][][] [][][][][][][][][][][][][] [][][
][][][][][][][][][][][][][][] [][][][] [][][][] [][][][] [][][][] [][][][][][] 
 
 []

[24

]
Overfull \hbox (193.53738pt too wide) detected at line 340
  [] [][] [][][][][][][][][][][][][][][][][][] [][][][][][][][][][][][][] [][][
][][][][][][][][][][][][][][] [][][][] [][][][] [][][][] [][][][] [][][][][][] 
 
 []




Overfull \hbox (193.53738pt too wide) has occurred while \output is active
  [] [][] [][][][][][][][][][][][][][][][][][] [][][][][][][][][][][][][] [][][
][][][][][][][][][][][][][][] [][][][] [][][][] [][][][] [][][][] [][][][][][] 
 
 []

[25

]
Overfull \hbox (193.53738pt too wide) detected at line 344
  [] [][] [][][][][][][][][][][][][][][][][][] [][][][][][][][][][][][][] [][][
][][][][][][][][][][][][][][] [][][][] [][][][] [][][][] [][][][] [][][][][][] 
 
 []

("./presentation 01.toc")
Overfull \vbox (60.46391pt too high) detected at line 344
 []




Overfull \hbox (193.53738pt too wide) has occurred while \output is active
  [] [][] [][][][][][][][][][][][][][][][][][] [][][][][][][][][][][][][] [][][
][][][][][][][][][][][][][][] [][][][] [][][][] [][][][] [][][][] [][][][][][] 
 
 []

[26

]
Overfull \hbox (193.53738pt too wide) detected at line 351
  [] [][] [][][][][][][][][][][][][][][][][][] [][][][][][][][][][][][][] [][][
][][][][][][][][][][][][][][] [][][][] [][][][] [][][][] [][][][] [][][][][][] 
 
 []




Overfull \hbox (193.53738pt too wide) has occurred while \output is active
  [] [][] [][][][][][][][][][][][][][][][][][] [][][][][][][][][][][][][] [][][
][][][][][][][][][][][][][][] [][][][] [][][][] [][][][] [][][][] [][][][][][] 
 
 []

[27

]
Overfull \hbox (193.53738pt too wide) detected at line 355
  [] [][] [][][][][][][][][][][][][][][][][][] [][][][][][][][][][][][][] [][][
][][][][][][][][][][][][][][] [][][][] [][][][] [][][][] [][][][] [][][][][][] 
 
 []

("./presentation 01.toc")
Overfull \vbox (60.46391pt too high) detected at line 355
 []




Overfull \hbox (193.53738pt too wide) has occurred while \output is active
  [] [][] [][][][][][][][][][][][][][][][][][] [][][][][][][][][][][][][] [][][
][][][][][][][][][][][][][][] [][][][] [][][][] [][][][] [][][][] [][][][][][] 
 
 []

[28

]
Overfull \hbox (193.53738pt too wide) detected at line 368
  [] [][] [][][][][][][][][][][][][][][][][][] [][][][][][][][][][][][][] [][][
][][][][][][][][][][][][][][] [][][][] [][][][] [][][][] [][][][] [][][][][][] 
 
 []




Overfull \hbox (193.53738pt too wide) has occurred while \output is active
  [] [][] [][][][][][][][][][][][][][][][][][] [][][][][][][][][][][][][] [][][
][][][][][][][][][][][][][][] [][][][] [][][][] [][][][] [][][][] [][][][][][] 
 
 []

[29

]
Overfull \hbox (193.53738pt too wide) detected at line 372
  [] [][] [][][][][][][][][][][][][][][][][][] [][][][][][][][][][][][][] [][][
][][][][][][][][][][][][][][] [][][][] [][][][] [][][][] [][][][] [][][][][][] 
 
 []

("./presentation 01.toc")
Overfull \vbox (60.46391pt too high) detected at line 372
 []




Overfull \hbox (193.53738pt too wide) has occurred while \output is active
  [] [][] [][][][][][][][][][][][][][][][][][] [][][][][][][][][][][][][] [][][
][][][][][][][][][][][][][][] [][][][] [][][][] [][][][] [][][][] [][][][][][] 
 
 []

[30

]
Overfull \hbox (193.53738pt too wide) detected at line 408
  [] [][] [][][][][][][][][][][][][][][][][][] [][][][][][][][][][][][][] [][][
][][][][][][][][][][][][][][] [][][][] [][][][] [][][][] [][][][] [][][][][][] 
 
 []

LaTeX Font Info:    Font shape `T1/lmss/m/it' in size <9> not available
(Font)              Font shape `T1/lmss/m/sl' tried instead on input line 408.
LaTeX Font Info:    Font shape `T1/lmss/m/it' in size <6> not available
(Font)              Font shape `T1/lmss/m/sl' tried instead on input line 408.
LaTeX Font Info:    Font shape `U/lasy/b/n' in size <9> not available
(Font)              Font shape `U/lasy/m/n' tried instead on input line 408.
LaTeX Font Info:    Font shape `U/lasy/b/n' in size <6> not available
(Font)              Font shape `U/lasy/m/n' tried instead on input line 408.
LaTeX Font Info:    Font shape `T1/lmss/bx/it' in size <9> not available
(Font)              Font shape `T1/lmss/bx/sl' tried instead on input line 408.

LaTeX Font Info:    Font shape `T1/lmss/bx/it' in size <6> not available
(Font)              Font shape `T1/lmss/bx/sl' tried instead on input line 408.




Overfull \hbox (193.53738pt too wide) has occurred while \output is active
  [] [][] [][][][][][][][][][][][][][][][][][] [][][][][][][][][][][][][] [][][
][][][][][][][][][][][][][][] [][][][] [][][][] [][][][] [][][][] [][][][][][] 
 
 []

[31

]
Overfull \hbox (193.53738pt too wide) detected at line 430
  [] [][] [][][][][][][][][][][][][][][][][][] [][][][][][][][][][][][][] [][][
][][][][][][][][][][][][][][] [][][][] [][][][] [][][][] [][][][] [][][][][][] 
 
 []


Underfull \hbox (badness 10000) in paragraph at lines 430--430
[]\T1/lmss/bx/n/10 Valor
 []


Overfull \hbox (39.83261pt too wide) in paragraph at lines 430--430
 [] 
 []




Overfull \hbox (193.53738pt too wide) has occurred while \output is active
  [] [][] [][][][][][][][][][][][][][][][][][] [][][][][][][][][][][][][] [][][
][][][][][][][][][][][][][][] [][][][] [][][][] [][][][] [][][][] [][][][][][] 
 
 []

[32

]
Overfull \hbox (193.53738pt too wide) detected at line 435
  [] [][] [][][][][][][][][][][][][][][][][][] [][][][][][][][][][][][][] [][][
][][][][][][][][][][][][][][] [][][][] [][][][] [][][][] [][][][] [][][][][][] 
 
 []

("./presentation 01.toc")
Overfull \vbox (84.46391pt too high) detected at line 435
 []




Overfull \hbox (193.53738pt too wide) has occurred while \output is active
  [] [][] [][][][][][][][][][][][][][][][][][] [][][][][][][][][][][][][] [][][
][][][][][][][][][][][][][][] [][][][] [][][][] [][][][] [][][][] [][][][][][] 
 
 []

[33

]
Overfull \hbox (193.53738pt too wide) detected at line 438
  [] [][] [][][][][][][][][][][][][][][][][][] [][][][][][][][][][][][][] [][][
][][][][][][][][][][][][][][] [][][][] [][][][] [][][][] [][][][] [][][][][][] 
 
 []

("./presentation 01.toc")
Overfull \vbox (84.46391pt too high) detected at line 438
 []




Overfull \hbox (193.53738pt too wide) has occurred while \output is active
  [] [][] [][][][][][][][][][][][][][][][][][] [][][][][][][][][][][][][] [][][
][][][][][][][][][][][][][][] [][][][] [][][][] [][][][] [][][][] [][][][][][] 
 
 []

[34

]
Overfull \hbox (193.53738pt too wide) detected at line 450
  [] [][] [][][][][][][][][][][][][][][][][][] [][][][][][][][][][][][][] [][][
][][][][][][][][][][][][][][] [][][][] [][][][] [][][][] [][][][] [][][][][][] 
 
 []




Overfull \hbox (193.53738pt too wide) has occurred while \output is active
  [] [][] [][][][][][][][][][][][][][][][][][] [][][][][][][][][][][][][] [][][
][][][][][][][][][][][][][][] [][][][] [][][][] [][][][] [][][][] [][][][][][] 
 
 []

[35

]
Overfull \hbox (193.53738pt too wide) detected at line 455
  [] [][] [][][][][][][][][][][][][][][][][][] [][][][][][][][][][][][][] [][][
][][][][][][][][][][][][][][] [][][][] [][][][] [][][][] [][][][] [][][][][][] 
 
 []

("./presentation 01.toc")
Overfull \vbox (84.46391pt too high) detected at line 455
 []




Overfull \hbox (193.53738pt too wide) has occurred while \output is active
  [] [][] [][][][][][][][][][][][][][][][][][] [][][][][][][][][][][][][] [][][
][][][][][][][][][][][][][][] [][][][] [][][][] [][][][] [][][][] [][][][][][] 
 
 []

[36

]
Overfull \hbox (193.53738pt too wide) detected at line 475
  [] [][] [][][][][][][][][][][][][][][][][][] [][][][][][][][][][][][][] [][][
][][][][][][][][][][][][][][] [][][][] [][][][] [][][][] [][][][] [][][][][][] 
 
 []




Overfull \hbox (193.53738pt too wide) has occurred while \output is active
  [] [][] [][][][][][][][][][][][][][][][][][] [][][][][][][][][][][][][] [][][
][][][][][][][][][][][][][][] [][][][] [][][][] [][][][] [][][][] [][][][][][] 
 
 []

[37

]
Overfull \hbox (193.53738pt too wide) detected at line 481
  [] [][] [][][][][][][][][][][][][][][][][][] [][][][][][][][][][][][][] [][][
][][][][][][][][][][][][][][] [][][][] [][][][] [][][][] [][][][] [][][][][][] 
 
 []

("./presentation 01.toc")
Overfull \vbox (84.46391pt too high) detected at line 481
 []




Overfull \hbox (193.53738pt too wide) has occurred while \output is active
  [] [][] [][][][][][][][][][][][][][][][][][] [][][][][][][][][][][][][] [][][
][][][][][][][][][][][][][][] [][][][] [][][][] [][][][] [][][][] [][][][][][] 
 
 []

[38

]
Overfull \hbox (193.53738pt too wide) detected at line 486
  [] [][] [][][][][][][][][][][][][][][][][][] [][][][][][][][][][][][][] [][][
][][][][][][][][][][][][][][] [][][][] [][][][] [][][][] [][][][] [][][][][][] 
 
 []




Overfull \hbox (193.53738pt too wide) has occurred while \output is active
  [] [][] [][][][][][][][][][][][][][][][][][] [][][][][][][][][][][][][] [][][
][][][][][][][][][][][][][][] [][][][] [][][][] [][][][] [][][][] [][][][][][] 
 
 []

[39

]
Overfull \hbox (193.53738pt too wide) detected at line 488
  [] [][] [][][][][][][][][][][][][][][][][][] [][][][][][][][][][][][][] [][][
][][][][][][][][][][][][][][] [][][][] [][][][] [][][][] [][][][] [][][][][][] 
 
 []

("./presentation 01.toc")
Overfull \vbox (84.46391pt too high) detected at line 488
 []




Overfull \hbox (193.53738pt too wide) has occurred while \output is active
  [] [][] [][][][][][][][][][][][][][][][][][] [][][][][][][][][][][][][] [][][
][][][][][][][][][][][][][][] [][][][] [][][][] [][][][] [][][][] [][][][][][] 
 
 []

[40

])
Runaway argument?
\@kernel@before@enddocument \UseOneTimeHook {enddocument}\@kernel@after@enddocu
ment \ETC.
! File ended while scanning use of \beamer@collect@@body.
<inserted text> 
\par 
<*> "presentation 01.tex"
                      
I suspect you have forgotten a `}', causing me
to read past where you wanted me to stop.
I'll try to recover; but if the error is serious,
you'd better type `E' or `X' now and fix your file.

! Emergency stop.
<*> "presentation 01.tex"
                      
*** (job aborted, no legal \end found)



Here is how much of LuaTeX's memory you used:
 28569 strings out of 475915
 125007,1977958 words of node,token memory allocated 29836 words of node memory still in use:
   524 hlist, 17 vlist, 4 rule, 77 disc, 18 local_par, 1 dir, 657 glue, 96 kern,
 26 penalty, 602 glyph, 2050 attribute, 66 glue_spec, 2050 attribute_list, 1 wri
te, 1075 pdf_literal, 88 pdf_start_link, 88 pdf_end_link, 88 pdf_action, 298 pdf
_colorstack nodes
   avail lists: 2:3809,3:3061,4:749,5:441,6:143,7:4120,8:1,9:1867,10:16,11:262
 50099 multiletter control sequences out of 65536+600000
 94 fonts using 5914135 bytes
 128i,20n,116p,483b,902s stack positions out of 10000i,1000n,20000p,200000b,200000s
!  ==> Fatal error occurred, no output PDF file produced!
